<?xml version="1.0" encoding="UTF-8"?>
<robot generator="Robot 3.2.2 (Python 3.9.13 on win32)" generated="20221025 12:39:38.933" rpa="false">
<suite id="s1" name="First Robot Project" source="C:\Users\IHosteanu\eclipse-workspace\first_robot_project">
<suite id="s1-s1" name="First Robot Suites Folder" source="C:\Users\IHosteanu\eclipse-workspace\first_robot_project\first_robot_suites_folder">
<suite id="s1-s1-s1" name="First Robot Test Suite" source="C:\Users\IHosteanu\eclipse-workspace\first_robot_project\first_robot_suites_folder\first_robot_test_suite.robot">
<kw name="Log" library="BuiltIn" type="setup">
<doc>Logs the given message with the given level.</doc>
<arguments>
<arg>Inside Test Suite Setup</arg>
</arguments>
<msg timestamp="20221025 12:39:39.214" level="INFO">Inside Test Suite Setup</msg>
<status status="PASS" starttime="20221025 12:39:39.213" endtime="20221025 12:39:39.214"></status>
</kw>
<test id="s1-s1-s1-t1" name="MyFistrTest">
<kw name="Log" library="BuiltIn" type="setup">
<doc>Logs the given message with the given level.</doc>
<arguments>
<arg>Inside Test Setup</arg>
</arguments>
<msg timestamp="20221025 12:39:39.215" level="INFO">Inside Test Setup</msg>
<status status="PASS" starttime="20221025 12:39:39.215" endtime="20221025 12:39:39.215"></status>
</kw>
<kw name="Log" library="BuiltIn">
<doc>Logs the given message with the given level.</doc>
<arguments>
<arg>Salut</arg>
</arguments>
<msg timestamp="20221025 12:39:39.216" level="INFO">Salut</msg>
<status status="PASS" starttime="20221025 12:39:39.216" endtime="20221025 12:39:39.216"></status>
</kw>
<kw name="Log" library="BuiltIn" type="teardown">
<doc>Logs the given message with the given level.</doc>
<arguments>
<arg>Inside Test Teardown</arg>
</arguments>
<msg timestamp="20221025 12:39:39.216" level="INFO">Inside Test Teardown</msg>
<status status="PASS" starttime="20221025 12:39:39.216" endtime="20221025 12:39:39.216"></status>
</kw>
<status status="PASS" starttime="20221025 12:39:39.214" endtime="20221025 12:39:39.217" critical="yes"></status>
</test>
<test id="s1-s1-s1-t2" name="MyFirstSeleniumTest">
<kw name="Log" library="BuiltIn" type="setup">
<doc>Logs the given message with the given level.</doc>
<arguments>
<arg>Inside Test Setup</arg>
</arguments>
<msg timestamp="20221025 12:39:39.218" level="INFO">Inside Test Setup</msg>
<status status="PASS" starttime="20221025 12:39:39.218" endtime="20221025 12:39:39.218"></status>
</kw>
<kw name="Open Browser" library="SeleniumLibrary">
<doc>Opens a new browser instance to the optional ``url``.</doc>
<arguments>
<arg>https://google.com</arg>
<arg>chrome</arg>
</arguments>
<msg timestamp="20221025 12:39:39.219" level="INFO">Opening browser 'chrome' to base url 'https://google.com'.</msg>
<status status="PASS" starttime="20221025 12:39:39.219" endtime="20221025 12:39:41.191"></status>
</kw>
<kw name="Set Browser Implicit Wait" library="SeleniumLibrary">
<doc>Sets the implicit wait value used by Selenium.</doc>
<arguments>
<arg>5</arg>
</arguments>
<status status="PASS" starttime="20221025 12:39:41.192" endtime="20221025 12:39:41.193"></status>
</kw>
<kw name="Click Button" library="SeleniumLibrary">
<doc>Clicks the button identified by ``locator``.</doc>
<arguments>
<arg>Respinge tot</arg>
</arguments>
<msg timestamp="20221025 12:39:41.194" level="INFO">Clicking button 'Respinge tot'.</msg>
<status status="PASS" starttime="20221025 12:39:41.193" endtime="20221025 12:39:46.255"></status>
</kw>
<kw name="Input Text" library="SeleniumLibrary">
<doc>Types the given ``text`` into the text field identified by ``locator``.</doc>
<arguments>
<arg>name=q</arg>
<arg>Ma dusei sa trec la Olt</arg>
</arguments>
<msg timestamp="20221025 12:39:46.256" level="INFO">Typing text 'Ma dusei sa trec la Olt' into text field 'name=q'.</msg>
<status status="PASS" starttime="20221025 12:39:46.255" endtime="20221025 12:39:46.354"></status>
</kw>
<kw name="Press Keys" library="SeleniumLibrary">
<doc>Simulates the user pressing key(s) to an element or on the active browser.</doc>
<arguments>
<arg>name=q</arg>
<arg>ENTER</arg>
</arguments>
<msg timestamp="20221025 12:39:46.355" level="INFO">Sending key(s) ('ENTER',) to name=q element.</msg>
<msg timestamp="20221025 12:39:46.648" level="INFO">Pressing special key ENTER to element.</msg>
<msg timestamp="20221025 12:39:46.648" level="INFO">Releasing special key ENTER.</msg>
<status status="PASS" starttime="20221025 12:39:46.355" endtime="20221025 12:39:48.301"></status>
</kw>
<kw name="Sleep" library="BuiltIn">
<doc>Pauses the test executed for the given time.</doc>
<arguments>
<arg>2</arg>
</arguments>
<msg timestamp="20221025 12:39:50.304" level="INFO">Slept 2 seconds</msg>
<status status="PASS" starttime="20221025 12:39:48.302" endtime="20221025 12:39:50.304"></status>
</kw>
<kw name="Close Browser" library="SeleniumLibrary">
<doc>Closes the current browser.</doc>
<status status="PASS" starttime="20221025 12:39:50.305" endtime="20221025 12:39:52.462"></status>
</kw>
<kw name="Log" library="BuiltIn">
<doc>Logs the given message with the given level.</doc>
<arguments>
<arg>Done</arg>
</arguments>
<msg timestamp="20221025 12:39:52.463" level="INFO">Done</msg>
<status status="PASS" starttime="20221025 12:39:52.463" endtime="20221025 12:39:52.463"></status>
</kw>
<kw name="Log" library="BuiltIn" type="teardown">
<doc>Logs the given message with the given level.</doc>
<arguments>
<arg>Inside Test Teardown</arg>
</arguments>
<msg timestamp="20221025 12:39:52.464" level="INFO">Inside Test Teardown</msg>
<status status="PASS" starttime="20221025 12:39:52.464" endtime="20221025 12:39:52.464"></status>
</kw>
<status status="PASS" starttime="20221025 12:39:39.217" endtime="20221025 12:39:52.464" critical="yes"></status>
</test>
<test id="s1-s1-s1-t3" name="LoginTest">
<kw name="Log" library="BuiltIn" type="setup">
<doc>Logs the given message with the given level.</doc>
<arguments>
<arg>Inside Test Setup</arg>
</arguments>
<msg timestamp="20221025 12:39:52.466" level="INFO">Inside Test Setup</msg>
<status status="PASS" starttime="20221025 12:39:52.466" endtime="20221025 12:39:52.466"></status>
</kw>
<kw name="Open Browser" library="SeleniumLibrary">
<doc>Opens a new browser instance to the optional ``url``.</doc>
<arguments>
<arg>${URL}</arg>
<arg>chrome</arg>
</arguments>
<msg timestamp="20221025 12:39:52.467" level="INFO">Opening browser 'chrome' to base url 'https://opensource-demo.orangehrmlive.com'.</msg>
<status status="PASS" starttime="20221025 12:39:52.466" endtime="20221025 12:39:56.941"></status>
</kw>
<kw name="Set Browser Implicit Wait" library="SeleniumLibrary">
<doc>Sets the implicit wait value used by Selenium.</doc>
<arguments>
<arg>5</arg>
</arguments>
<status status="PASS" starttime="20221025 12:39:56.941" endtime="20221025 12:39:56.943"></status>
</kw>
<kw name="LoginKW">
<kw name="Input Text" library="SeleniumLibrary">
<doc>Types the given ``text`` into the text field identified by ``locator``.</doc>
<arguments>
<arg>name=username</arg>
<arg>${credential_list}[0]</arg>
</arguments>
<msg timestamp="20221025 12:39:56.944" level="INFO">Typing text 'Admin' into text field 'name=username'.</msg>
<status status="PASS" starttime="20221025 12:39:56.943" endtime="20221025 12:39:57.365"></status>
</kw>
<kw name="Input Password" library="SeleniumLibrary">
<doc>Types the given password into the text field identified by ``locator``.</doc>
<arguments>
<arg>name=password</arg>
<arg>${login_data}[password]</arg>
</arguments>
<msg timestamp="20221025 12:39:57.366" level="INFO">Typing password into text field 'name=password'.</msg>
<msg timestamp="20221025 12:39:57.403" level="INFO">Temporally setting log level to: NONE</msg>
<msg timestamp="20221025 12:39:57.473" level="INFO">Log level changed from NONE to INFO.</msg>
<status status="PASS" starttime="20221025 12:39:57.366" endtime="20221025 12:39:57.473"></status>
</kw>
<kw name="Click Button" library="SeleniumLibrary">
<doc>Clicks the button identified by ``locator``.</doc>
<arguments>
<arg>class=orangehrm-login-button</arg>
</arguments>
<msg timestamp="20221025 12:39:57.474" level="INFO">Clicking button 'class=orangehrm-login-button'.</msg>
<status status="PASS" starttime="20221025 12:39:57.474" endtime="20221025 12:39:57.541"></status>
</kw>
<status status="PASS" starttime="20221025 12:39:56.943" endtime="20221025 12:39:57.541"></status>
</kw>
<kw name="Click Element" library="SeleniumLibrary">
<doc>Click the element identified by ``locator``.</doc>
<arguments>
<arg>class=oxd-userdropdown-icon</arg>
</arguments>
<msg timestamp="20221025 12:39:57.542" level="INFO">Clicking element 'class=oxd-userdropdown-icon'.</msg>
<status status="PASS" starttime="20221025 12:39:57.542" endtime="20221025 12:40:00.274"></status>
</kw>
<kw name="Click Element" library="SeleniumLibrary">
<doc>Click the element identified by ``locator``.</doc>
<arguments>
<arg>link=Logout</arg>
</arguments>
<msg timestamp="20221025 12:40:00.275" level="INFO">Clicking element 'link=Logout'.</msg>
<status status="PASS" starttime="20221025 12:40:00.274" endtime="20221025 12:40:01.020"></status>
</kw>
<kw name="Sleep" library="BuiltIn">
<doc>Pauses the test executed for the given time.</doc>
<arguments>
<arg>2</arg>
</arguments>
<msg timestamp="20221025 12:40:03.024" level="INFO">Slept 2 seconds</msg>
<status status="PASS" starttime="20221025 12:40:01.021" endtime="20221025 12:40:03.024"></status>
</kw>
<kw name="Close Browser" library="SeleniumLibrary">
<doc>Closes the current browser.</doc>
<status status="PASS" starttime="20221025 12:40:03.025" endtime="20221025 12:40:05.184"></status>
</kw>
<kw name="Log" library="BuiltIn">
<doc>Logs the given message with the given level.</doc>
<arguments>
<arg>Done</arg>
</arguments>
<msg timestamp="20221025 12:40:05.185" level="INFO">Done</msg>
<status status="PASS" starttime="20221025 12:40:05.184" endtime="20221025 12:40:05.185"></status>
</kw>
<kw name="Log" library="BuiltIn">
<doc>Logs the given message with the given level.</doc>
<arguments>
<arg>Test executed by %{username} on %{os} from C:\\Users\\IHosteanu\\eclipse-workspace\\first_robot_project\\first_robot_suites_folder</arg>
</arguments>
<msg timestamp="20221025 12:40:05.186" level="INFO">Test executed by IHosteanu on Windows_NT from C:\Users\IHosteanu\eclipse-workspace\first_robot_project\first_robot_suites_folder</msg>
<status status="PASS" starttime="20221025 12:40:05.186" endtime="20221025 12:40:05.186"></status>
</kw>
<kw name="Log" library="BuiltIn" type="teardown">
<doc>Logs the given message with the given level.</doc>
<arguments>
<arg>Inside Test Teardown</arg>
</arguments>
<msg timestamp="20221025 12:40:05.187" level="INFO">Inside Test Teardown</msg>
<status status="PASS" starttime="20221025 12:40:05.186" endtime="20221025 12:40:05.187"></status>
</kw>
<status status="PASS" starttime="20221025 12:39:52.465" endtime="20221025 12:40:05.187" critical="yes"></status>
</test>
<kw name="Log" library="BuiltIn" type="teardown">
<doc>Logs the given message with the given level.</doc>
<arguments>
<arg>Inside Test Suite Teardown</arg>
</arguments>
<msg timestamp="20221025 12:40:05.188" level="INFO">Inside Test Suite Teardown</msg>
<status status="PASS" starttime="20221025 12:40:05.188" endtime="20221025 12:40:05.188"></status>
</kw>
<status status="PASS" starttime="20221025 12:39:38.995" endtime="20221025 12:40:05.188"></status>
</suite>
<status status="PASS" starttime="20221025 12:39:38.991" endtime="20221025 12:40:05.191"></status>
</suite>
<status status="PASS" starttime="20221025 12:39:38.970" endtime="20221025 12:40:05.193"></status>
</suite>
<statistics>
<total>
<stat pass="3" fail="0">Critical Tests</stat>
<stat pass="3" fail="0">All Tests</stat>
</total>
<tag>
</tag>
<suite>
<stat pass="3" fail="0" id="s1" name="First Robot Project">First Robot Project</stat>
<stat pass="3" fail="0" id="s1-s1" name="First Robot Suites Folder">First Robot Project.First Robot Suites Folder</stat>
<stat pass="3" fail="0" id="s1-s1-s1" name="First Robot Test Suite">First Robot Project.First Robot Suites Folder.First Robot Test Suite</stat>
</suite>
</statistics>
<errors>
</errors>
</robot>
